<?xml version="1.0" encoding="UTF-8"?>
<robot generator="Robot 7.3.2 (Python 3.13.6 on win32)" generated="2025-08-14T15:28:10.209691" rpa="false" schemaversion="5">
<suite id="s1" name="Hello" source="C:\QaxRobot\projects\mark85-robot-express\hello.robot">
<test id="s1-t1" name="Deve mostrar mensagem de boas vindas" line="5">
<kw name="Log To Console" owner="BuiltIn">
<arg>Hello Robot Framework</arg>
<doc>Logs the given message to the console.</doc>
<status status="PASS" start="2025-08-14T15:28:10.253251" elapsed="0.000414"/>
</kw>
<status status="PASS" start="2025-08-14T15:28:10.252466" elapsed="0.001566"/>
</test>
<doc>Um exemplo em Robot Framework</doc>
<status status="PASS" start="2025-08-14T15:28:10.211899" elapsed="0.042854"/>
</suite>
<statistics>
<total>
<stat pass="1" fail="0" skip="0">All Tests</stat>
</total>
<tag>
</tag>
<suite>
<stat name="Hello" id="s1" pass="1" fail="0" skip="0">Hello</stat>
</suite>
</statistics>
<errors>
</errors>
</robot>
